# JRE version: OpenJDK Runtime Environment Temurin-21.0.4+7 (21.0.4+7) (build 21.0.4+7-LTS)
# Java VM: OpenJDK 64-Bit Server VM Temurin-21.0.4+7 (21.0.4+7-LTS, mixed mode, tiered, compressed oops, compressed class ptrs, g1 gc, windows-amd64)
GC Precious Log:
 CardTable entry size: 512
 Card Set container configuration: InlinePtr #cards 4 size 8 Array Of Cards #cards 16 size 48 Howl #buckets 8 coarsen threshold 3686 Howl Bitmap #cards 512 size 80 coarsen threshold 460 Card regions per heap region 1 cards per card region 4096
 CPUs: 12 total, 12 available
 Memory: 16251M
 Large Page Support: Disabled
 NUMA Support: Disabled
 Compressed Oops: Enabled (Zero based)
 Heap Region Size: 2M
 Heap Min Capacity: 8M
 Heap Initial Capacity: 254M
 Heap Max Capacity: 4064M
 Pre-touch: Disabled
 Parallel Workers: 10
 Concurrent Workers: 3
 Concurrent Refinement Workers: 10
 Periodic GC: Disabled
Heap:
 garbage-first heap   total 90112K, used 36293K [0x0000000702000000, 0x0000000800000000)
  region size 2048K, 7 young (14336K), 3 survivors (6144K)
 Metaspace       used 84496K, committed 85312K, reserved 1179648K
  class space    used 10505K, committed 10816K, reserved 1048576K
GC Heap History (20 events):
Event: 7.755 GC heap before
{Heap before GC invocations=21 (full 0):
 garbage-first heap   total 90112K, used 71848K [0x0000000702000000, 0x0000000800000000)
  region size 2048K, 26 young (53248K), 3 survivors (6144K)
 Metaspace       used 74514K, committed 75136K, reserved 1114112K
  class space    used 9462K, committed 9728K, reserved 1048576K
}
Event: 7.760 GC heap after
{Heap after GC invocations=22 (full 0):
 garbage-first heap   total 90112K, used 27117K [0x0000000702000000, 0x0000000800000000)
  region size 2048K, 4 young (8192K), 4 survivors (8192K)
 Metaspace       used 74514K, committed 75136K, reserved 1114112K
  class space    used 9462K, committed 9728K, reserved 1048576K
}
Event: 13.754 GC heap before
{Heap before GC invocations=22 (full 0):
 garbage-first heap   total 90112K, used 72173K [0x0000000702000000, 0x0000000800000000)
  region size 2048K, 26 young (53248K), 4 survivors (8192K)
 Metaspace       used 77826K, committed 78528K, reserved 1179648K
  class space    used 9881K, committed 10176K, reserved 1048576K
}
Event: 13.762 GC heap after
{Heap after GC invocations=23 (full 0):
 garbage-first heap   total 90112K, used 29355K [0x0000000702000000, 0x0000000800000000)
  region size 2048K, 3 young (6144K), 3 survivors (6144K)
 Metaspace       used 77826K, committed 78528K, reserved 1179648K
  class space    used 9881K, committed 10176K, reserved 1048576K
}
Event: 138.899 GC heap before
{Heap before GC invocations=23 (full 0):
 garbage-first heap   total 90112K, used 68267K [0x0000000702000000, 0x0000000800000000)
  region size 2048K, 24 young (49152K), 3 survivors (6144K)
 Metaspace       used 81413K, committed 82112K, reserved 1179648K
  class space    used 10377K, committed 10688K, reserved 1048576K
}
Event: 138.949 GC heap after
{Heap after GC invocations=24 (full 1):
 garbage-first heap   total 90112K, used 24956K [0x0000000702000000, 0x0000000800000000)
  region size 2048K, 0 young (0K), 0 survivors (0K)
 Metaspace       used 81413K, committed 82112K, reserved 1179648K
  class space    used 10377K, committed 10688K, reserved 1048576K
}
Event: 139.804 GC heap before
{Heap before GC invocations=24 (full 1):
 garbage-first heap   total 90112K, used 76156K [0x0000000702000000, 0x0000000800000000)
  region size 2048K, 26 young (53248K), 0 survivors (0K)
 Metaspace       used 81951K, committed 82752K, reserved 1179648K
  class space    used 10403K, committed 10752K, reserved 1048576K
}
Event: 139.808 GC heap after
{Heap after GC invocations=25 (full 1):
 garbage-first heap   total 90112K, used 29724K [0x0000000702000000, 0x0000000800000000)
  region size 2048K, 3 young (6144K), 3 survivors (6144K)
 Metaspace       used 81951K, committed 82752K, reserved 1179648K
  class space    used 10403K, committed 10752K, reserved 1048576K
}
Event: 349.218 GC heap before
{Heap before GC invocations=25 (full 1):
 garbage-first heap   total 90112K, used 60444K [0x0000000702000000, 0x0000000800000000)
  region size 2048K, 19 young (38912K), 3 survivors (6144K)
 Metaspace       used 82416K, committed 83200K, reserved 1179648K
  class space    used 10414K, committed 10752K, reserved 1048576K
}
Event: 349.284 GC heap after
{Heap after GC invocations=26 (full 2):
 garbage-first heap   total 90112K, used 25271K [0x0000000702000000, 0x0000000800000000)
  region size 2048K, 0 young (0K), 0 survivors (0K)
 Metaspace       used 82413K, committed 83200K, reserved 1179648K
  class space    used 10414K, committed 10752K, reserved 1048576K
}
Event: 350.342 GC heap before
{Heap before GC invocations=26 (full 2):
 garbage-first heap   total 90112K, used 76471K [0x0000000702000000, 0x0000000800000000)
  region size 2048K, 25 young (51200K), 0 survivors (0K)
 Metaspace       used 83007K, committed 83712K, reserved 1179648K
  class space    used 10436K, committed 10752K, reserved 1048576K
}
Event: 350.346 GC heap after
{Heap after GC invocations=27 (full 2):
 garbage-first heap   total 90112K, used 29456K [0x0000000702000000, 0x0000000800000000)
  region size 2048K, 3 young (6144K), 3 survivors (6144K)
 Metaspace       used 83007K, committed 83712K, reserved 1179648K
  class space    used 10436K, committed 10752K, reserved 1048576K
}
Event: 353.064 GC heap before
{Heap before GC invocations=27 (full 2):
 garbage-first heap   total 90112K, used 51984K [0x0000000702000000, 0x0000000800000000)
  region size 2048K, 15 young (30720K), 3 survivors (6144K)
 Metaspace       used 83276K, committed 84032K, reserved 1179648K
  class space    used 10448K, committed 10752K, reserved 1048576K
}
Event: 353.106 GC heap after
{Heap after GC invocations=28 (full 3):
 garbage-first heap   total 90112K, used 24817K [0x0000000702000000, 0x0000000800000000)
  region size 2048K, 0 young (0K), 0 survivors (0K)
 Metaspace       used 83273K, committed 84032K, reserved 1179648K
  class space    used 10447K, committed 10752K, reserved 1048576K
}
Event: 353.879 GC heap before
{Heap before GC invocations=28 (full 3):
 garbage-first heap   total 90112K, used 73969K [0x0000000702000000, 0x0000000800000000)
  region size 2048K, 25 young (51200K), 0 survivors (0K)
 Metaspace       used 83654K, committed 84480K, reserved 1179648K
  class space    used 10467K, committed 10816K, reserved 1048576K
}
Event: 353.883 GC heap after
{Heap after GC invocations=29 (full 3):
 garbage-first heap   total 90112K, used 29074K [0x0000000702000000, 0x0000000800000000)
  region size 2048K, 3 young (6144K), 3 survivors (6144K)
 Metaspace       used 83654K, committed 84480K, reserved 1179648K
  class space    used 10467K, committed 10816K, reserved 1048576K
}
Event: 386.258 GC heap before
{Heap before GC invocations=29 (full 3):
 garbage-first heap   total 90112K, used 53650K [0x0000000702000000, 0x0000000800000000)
  region size 2048K, 16 young (32768K), 3 survivors (6144K)
 Metaspace       used 84017K, committed 84800K, reserved 1179648K
  class space    used 10480K, committed 10816K, reserved 1048576K
}
Event: 386.305 GC heap after
{Heap after GC invocations=30 (full 4):
 garbage-first heap   total 90112K, used 25821K [0x0000000702000000, 0x0000000800000000)
  region size 2048K, 0 young (0K), 0 survivors (0K)
 Metaspace       used 84014K, committed 84800K, reserved 1179648K
  class space    used 10480K, committed 10816K, reserved 1048576K
}
Event: 386.918 GC heap before
{Heap before GC invocations=30 (full 4):
 garbage-first heap   total 90112K, used 77021K [0x0000000702000000, 0x0000000800000000)
  region size 2048K, 25 young (51200K), 0 survivors (0K)
 Metaspace       used 84351K, committed 85120K, reserved 1179648K
  class space    used 10498K, committed 10816K, reserved 1048576K
}
Event: 386.921 GC heap after
{Heap after GC invocations=31 (full 4):
 garbage-first heap   total 90112K, used 30149K [0x0000000702000000, 0x0000000800000000)
  region size 2048K, 3 young (6144K), 3 survivors (6144K)
 Metaspace       used 84351K, committed 85120K, reserved 1179648K
  class space    used 10498K, committed 10816K, reserved 1048576K
}

