# JRE version: OpenJDK Runtime Environment Temurin-21.0.4+7 (21.0.4+7) (build 21.0.4+7-LTS)
# Java VM: OpenJDK 64-Bit Server VM Temurin-21.0.4+7 (21.0.4+7-LTS, mixed mode, tiered, compressed oops, compressed class ptrs, g1 gc, windows-amd64)
GC Precious Log:
 CardTable entry size: 512
 Card Set container configuration: InlinePtr #cards 4 size 8 Array Of Cards #cards 16 size 48 Howl #buckets 8 coarsen threshold 3686 Howl Bitmap #cards 512 size 80 coarsen threshold 460 Card regions per heap region 1 cards per card region 4096
 CPUs: 12 total, 12 available
 Memory: 16251M
 Large Page Support: Disabled
 NUMA Support: Disabled
 Compressed Oops: Enabled (Zero based)
 Heap Region Size: 2M
 Heap Min Capacity: 8M
 Heap Initial Capacity: 254M
 Heap Max Capacity: 4064M
 Pre-touch: Disabled
 Parallel Workers: 10
 Concurrent Workers: 3
 Concurrent Refinement Workers: 10
 Periodic GC: Disabled
Heap:
 garbage-first heap   total 81920K, used 38855K [0x0000000702000000, 0x0000000800000000)
  region size 2048K, 9 young (18432K), 3 survivors (6144K)
 Metaspace       used 81239K, committed 81984K, reserved 1179648K
  class space    used 10278K, committed 10624K, reserved 1048576K
GC Heap History (20 events):
Event: 5.411 GC heap before
{Heap before GC invocations=15 (full 0):
 garbage-first heap   total 63488K, used 49394K [0x0000000702000000, 0x0000000800000000)
  region size 2048K, 17 young (34816K), 2 survivors (4096K)
 Metaspace       used 52105K, committed 52672K, reserved 1114112K
  class space    used 6105K, committed 6400K, reserved 1048576K
}
Event: 5.415 GC heap after
{Heap after GC invocations=16 (full 0):
 garbage-first heap   total 63488K, used 21546K [0x0000000702000000, 0x0000000800000000)
  region size 2048K, 2 young (4096K), 2 survivors (4096K)
 Metaspace       used 52105K, committed 52672K, reserved 1114112K
  class space    used 6105K, committed 6400K, reserved 1048576K
}
Event: 5.885 GC heap before
{Heap before GC invocations=16 (full 0):
 garbage-first heap   total 63488K, used 50218K [0x0000000702000000, 0x0000000800000000)
  region size 2048K, 16 young (32768K), 2 survivors (4096K)
 Metaspace       used 54708K, committed 55296K, reserved 1114112K
  class space    used 6563K, committed 6848K, reserved 1048576K
}
Event: 5.889 GC heap after
{Heap after GC invocations=17 (full 0):
 garbage-first heap   total 161792K, used 22382K [0x0000000702000000, 0x0000000800000000)
  region size 2048K, 2 young (4096K), 2 survivors (4096K)
 Metaspace       used 54708K, committed 55296K, reserved 1114112K
  class space    used 6563K, committed 6848K, reserved 1048576K
}
Event: 6.569 GC heap before
{Heap before GC invocations=17 (full 0):
 garbage-first heap   total 161792K, used 73582K [0x0000000702000000, 0x0000000800000000)
  region size 2048K, 28 young (57344K), 2 survivors (4096K)
 Metaspace       used 59748K, committed 60288K, reserved 1114112K
  class space    used 7290K, committed 7552K, reserved 1048576K
}
Event: 6.573 GC heap after
{Heap after GC invocations=18 (full 0):
 garbage-first heap   total 161792K, used 23463K [0x0000000702000000, 0x0000000800000000)
  region size 2048K, 2 young (4096K), 2 survivors (4096K)
 Metaspace       used 59748K, committed 60288K, reserved 1114112K
  class space    used 7290K, committed 7552K, reserved 1048576K
}
Event: 6.970 GC heap before
{Heap before GC invocations=19 (full 0):
 garbage-first heap   total 81920K, used 66471K [0x0000000702000000, 0x0000000800000000)
  region size 2048K, 24 young (49152K), 2 survivors (4096K)
 Metaspace       used 64525K, committed 65152K, reserved 1114112K
  class space    used 8004K, committed 8256K, reserved 1048576K
}
Event: 6.973 GC heap after
{Heap after GC invocations=20 (full 0):
 garbage-first heap   total 81920K, used 24453K [0x0000000702000000, 0x0000000800000000)
  region size 2048K, 2 young (4096K), 2 survivors (4096K)
 Metaspace       used 64525K, committed 65152K, reserved 1114112K
  class space    used 8004K, committed 8256K, reserved 1048576K
}
Event: 7.365 GC heap before
{Heap before GC invocations=20 (full 0):
 garbage-first heap   total 81920K, used 67461K [0x0000000702000000, 0x0000000800000000)
  region size 2048K, 24 young (49152K), 2 survivors (4096K)
 Metaspace       used 69090K, committed 69696K, reserved 1114112K
  class space    used 8722K, committed 9024K, reserved 1048576K
}
Event: 7.368 GC heap after
{Heap after GC invocations=21 (full 0):
 garbage-first heap   total 81920K, used 25072K [0x0000000702000000, 0x0000000800000000)
  region size 2048K, 2 young (4096K), 2 survivors (4096K)
 Metaspace       used 69090K, committed 69696K, reserved 1114112K
  class space    used 8722K, committed 9024K, reserved 1048576K
}
Event: 7.747 GC heap before
{Heap before GC invocations=21 (full 0):
 garbage-first heap   total 81920K, used 68080K [0x0000000702000000, 0x0000000800000000)
  region size 2048K, 24 young (49152K), 2 survivors (4096K)
 Metaspace       used 73596K, committed 74240K, reserved 1114112K
  class space    used 9322K, committed 9600K, reserved 1048576K
}
Event: 7.751 GC heap after
{Heap after GC invocations=22 (full 0):
 garbage-first heap   total 81920K, used 26794K [0x0000000702000000, 0x0000000800000000)
  region size 2048K, 3 young (6144K), 3 survivors (6144K)
 Metaspace       used 73596K, committed 74240K, reserved 1114112K
  class space    used 9322K, committed 9600K, reserved 1048576K
}
Event: 8.296 GC heap before
{Heap before GC invocations=22 (full 0):
 garbage-first heap   total 81920K, used 69802K [0x0000000702000000, 0x0000000800000000)
  region size 2048K, 24 young (49152K), 3 survivors (6144K)
 Metaspace       used 76542K, committed 77184K, reserved 1179648K
  class space    used 9721K, committed 9984K, reserved 1048576K
}
Event: 8.302 GC heap after
{Heap after GC invocations=23 (full 0):
 garbage-first heap   total 81920K, used 30068K [0x0000000702000000, 0x0000000800000000)
  region size 2048K, 3 young (6144K), 3 survivors (6144K)
 Metaspace       used 76542K, committed 77184K, reserved 1179648K
  class space    used 9721K, committed 9984K, reserved 1048576K
}
Event: 62.029 GC heap before
{Heap before GC invocations=23 (full 0):
 garbage-first heap   total 81920K, used 68980K [0x0000000702000000, 0x0000000800000000)
  region size 2048K, 23 young (47104K), 3 survivors (6144K)
 Metaspace       used 80451K, committed 81216K, reserved 1179648K
  class space    used 10229K, committed 10560K, reserved 1048576K
}
Event: 62.033 GC heap after
{Heap after GC invocations=24 (full 0):
 garbage-first heap   total 81920K, used 31302K [0x0000000702000000, 0x0000000800000000)
  region size 2048K, 3 young (6144K), 3 survivors (6144K)
 Metaspace       used 80451K, committed 81216K, reserved 1179648K
  class space    used 10229K, committed 10560K, reserved 1048576K
}
Event: 62.066 GC heap before
{Heap before GC invocations=24 (full 0):
 garbage-first heap   total 81920K, used 33350K [0x0000000702000000, 0x0000000800000000)
  region size 2048K, 5 young (10240K), 3 survivors (6144K)
 Metaspace       used 80541K, committed 81280K, reserved 1179648K
  class space    used 10246K, committed 10560K, reserved 1048576K
}
Event: 62.121 GC heap after
{Heap after GC invocations=25 (full 1):
 garbage-first heap   total 81920K, used 24435K [0x0000000702000000, 0x0000000800000000)
  region size 2048K, 0 young (0K), 0 survivors (0K)
 Metaspace       used 80541K, committed 81280K, reserved 1179648K
  class space    used 10246K, committed 10560K, reserved 1048576K
}
Event: 62.937 GC heap before
{Heap before GC invocations=25 (full 1):
 garbage-first heap   total 81920K, used 69491K [0x0000000702000000, 0x0000000800000000)
  region size 2048K, 23 young (47104K), 0 survivors (0K)
 Metaspace       used 80823K, committed 81600K, reserved 1179648K
  class space    used 10261K, committed 10624K, reserved 1048576K
}
Event: 62.941 GC heap after
{Heap after GC invocations=26 (full 1):
 garbage-first heap   total 81920K, used 28615K [0x0000000702000000, 0x0000000800000000)
  region size 2048K, 3 young (6144K), 3 survivors (6144K)
 Metaspace       used 80823K, committed 81600K, reserved 1179648K
  class space    used 10261K, committed 10624K, reserved 1048576K
}

