# JRE version: OpenJDK Runtime Environment Temurin-21.0.4+7 (21.0.4+7) (build 21.0.4+7-LTS)
# Java VM: OpenJDK 64-Bit Server VM Temurin-21.0.4+7 (21.0.4+7-LTS, mixed mode, tiered, compressed oops, compressed class ptrs, g1 gc, windows-amd64)
GC Precious Log:
 CardTable entry size: 512
 Card Set container configuration: InlinePtr #cards 4 size 8 Array Of Cards #cards 16 size 48 Howl #buckets 8 coarsen threshold 3686 Howl Bitmap #cards 512 size 80 coarsen threshold 460 Card regions per heap region 1 cards per card region 4096
 CPUs: 12 total, 12 available
 Memory: 16251M
 Large Page Support: Disabled
 NUMA Support: Disabled
 Compressed Oops: Enabled (Zero based)
 Heap Region Size: 2M
 Heap Min Capacity: 8M
 Heap Initial Capacity: 254M
 Heap Max Capacity: 4064M
 Pre-touch: Disabled
 Parallel Workers: 10
 Concurrent Workers: 3
 Concurrent Refinement Workers: 10
 Periodic GC: Disabled
Heap:
 garbage-first heap   total 96256K, used 38423K [0x0000000702000000, 0x0000000800000000)
  region size 2048K, 7 young (14336K), 3 survivors (6144K)
 Metaspace       used 85469K, committed 86336K, reserved 1179648K
  class space    used 10555K, committed 10944K, reserved 1048576K
GC Heap History (20 events):
Event: 63.340 GC heap before
{Heap before GC invocations=24 (full 1):
 garbage-first heap   total 96256K, used 48042K [0x0000000702000000, 0x0000000800000000)
  region size 2048K, 13 young (26624K), 3 survivors (6144K)
 Metaspace       used 81751K, committed 82560K, reserved 1179648K
  class space    used 10346K, committed 10688K, reserved 1048576K
}
Event: 63.384 GC heap after
{Heap after GC invocations=25 (full 2):
 garbage-first heap   total 96256K, used 26967K [0x0000000702000000, 0x0000000800000000)
  region size 2048K, 0 young (0K), 0 survivors (0K)
 Metaspace       used 81751K, committed 82560K, reserved 1179648K
  class space    used 10346K, committed 10688K, reserved 1048576K
}
Event: 64.365 GC heap before
{Heap before GC invocations=25 (full 2):
 garbage-first heap   total 96256K, used 78167K [0x0000000702000000, 0x0000000800000000)
  region size 2048K, 26 young (53248K), 0 survivors (0K)
 Metaspace       used 82349K, committed 83072K, reserved 1179648K
  class space    used 10368K, committed 10688K, reserved 1048576K
}
Event: 64.368 GC heap after
{Heap after GC invocations=26 (full 2):
 garbage-first heap   total 96256K, used 31885K [0x0000000702000000, 0x0000000800000000)
  region size 2048K, 3 young (6144K), 3 survivors (6144K)
 Metaspace       used 82349K, committed 83072K, reserved 1179648K
  class space    used 10368K, committed 10688K, reserved 1048576K
}
Event: 118.400 GC heap before
{Heap before GC invocations=27 (full 2):
 garbage-first heap   total 96256K, used 54413K [0x0000000702000000, 0x0000000800000000)
  region size 2048K, 15 young (30720K), 3 survivors (6144K)
 Metaspace       used 82653K, committed 83392K, reserved 1179648K
  class space    used 10380K, committed 10688K, reserved 1048576K
}
Event: 118.457 GC heap after
{Heap after GC invocations=28 (full 3):
 garbage-first heap   total 96256K, used 27246K [0x0000000702000000, 0x0000000800000000)
  region size 2048K, 0 young (0K), 0 survivors (0K)
 Metaspace       used 82651K, committed 83392K, reserved 1179648K
  class space    used 10379K, committed 10688K, reserved 1048576K
}
Event: 119.262 GC heap before
{Heap before GC invocations=28 (full 3):
 garbage-first heap   total 96256K, used 78446K [0x0000000702000000, 0x0000000800000000)
  region size 2048K, 26 young (53248K), 0 survivors (0K)
 Metaspace       used 83155K, committed 83904K, reserved 1179648K
  class space    used 10403K, committed 10752K, reserved 1048576K
}
Event: 119.265 GC heap after
{Heap after GC invocations=29 (full 3):
 garbage-first heap   total 96256K, used 31522K [0x0000000702000000, 0x0000000800000000)
  region size 2048K, 3 young (6144K), 3 survivors (6144K)
 Metaspace       used 83155K, committed 83904K, reserved 1179648K
  class space    used 10403K, committed 10752K, reserved 1048576K
}
Event: 153.652 GC heap before
{Heap before GC invocations=29 (full 3):
 garbage-first heap   total 96256K, used 54050K [0x0000000702000000, 0x0000000800000000)
  region size 2048K, 15 young (30720K), 3 survivors (6144K)
 Metaspace       used 83421K, committed 84160K, reserved 1179648K
  class space    used 10411K, committed 10752K, reserved 1048576K
}
Event: 153.701 GC heap after
{Heap after GC invocations=30 (full 4):
 garbage-first heap   total 96256K, used 27508K [0x0000000702000000, 0x0000000800000000)
  region size 2048K, 0 young (0K), 0 survivors (0K)
 Metaspace       used 83418K, committed 84160K, reserved 1179648K
  class space    used 10410K, committed 10752K, reserved 1048576K
}
Event: 154.657 GC heap before
{Heap before GC invocations=30 (full 4):
 garbage-first heap   total 96256K, used 80756K [0x0000000702000000, 0x0000000800000000)
  region size 2048K, 26 young (53248K), 0 survivors (0K)
 Metaspace       used 83815K, committed 84672K, reserved 1179648K
  class space    used 10432K, committed 10816K, reserved 1048576K
}
Event: 154.662 GC heap after
{Heap after GC invocations=31 (full 4):
 garbage-first heap   total 96256K, used 31849K [0x0000000702000000, 0x0000000800000000)
  region size 2048K, 3 young (6144K), 3 survivors (6144K)
 Metaspace       used 83815K, committed 84672K, reserved 1179648K
  class space    used 10432K, committed 10816K, reserved 1048576K
}
Event: 176.772 GC heap before
{Heap before GC invocations=31 (full 4):
 garbage-first heap   total 96256K, used 56425K [0x0000000702000000, 0x0000000800000000)
  region size 2048K, 16 young (32768K), 3 survivors (6144K)
 Metaspace       used 84342K, committed 85184K, reserved 1179648K
  class space    used 10493K, committed 10880K, reserved 1048576K
}
Event: 176.818 GC heap after
{Heap after GC invocations=32 (full 5):
 garbage-first heap   total 96256K, used 28572K [0x0000000702000000, 0x0000000800000000)
  region size 2048K, 0 young (0K), 0 survivors (0K)
 Metaspace       used 84339K, committed 85184K, reserved 1179648K
  class space    used 10493K, committed 10880K, reserved 1048576K
}
Event: 177.464 GC heap before
{Heap before GC invocations=32 (full 5):
 garbage-first heap   total 96256K, used 77724K [0x0000000702000000, 0x0000000800000000)
  region size 2048K, 25 young (51200K), 0 survivors (0K)
 Metaspace       used 84711K, committed 85568K, reserved 1179648K
  class space    used 10514K, committed 10880K, reserved 1048576K
}
Event: 177.467 GC heap after
{Heap after GC invocations=33 (full 5):
 garbage-first heap   total 96256K, used 32749K [0x0000000702000000, 0x0000000800000000)
  region size 2048K, 3 young (6144K), 3 survivors (6144K)
 Metaspace       used 84711K, committed 85568K, reserved 1179648K
  class space    used 10514K, committed 10880K, reserved 1048576K
}
Event: 196.462 GC heap before
{Heap before GC invocations=33 (full 5):
 garbage-first heap   total 96256K, used 55277K [0x0000000702000000, 0x0000000800000000)
  region size 2048K, 15 young (30720K), 3 survivors (6144K)
 Metaspace       used 84964K, committed 85760K, reserved 1179648K
  class space    used 10526K, committed 10880K, reserved 1048576K
}
Event: 196.518 GC heap after
{Heap after GC invocations=34 (full 6):
 garbage-first heap   total 96256K, used 28106K [0x0000000702000000, 0x0000000800000000)
  region size 2048K, 0 young (0K), 0 survivors (0K)
 Metaspace       used 84962K, committed 85760K, reserved 1179648K
  class space    used 10526K, committed 10880K, reserved 1048576K
}
Event: 197.121 GC heap before
{Heap before GC invocations=34 (full 6):
 garbage-first heap   total 96256K, used 77258K [0x0000000702000000, 0x0000000800000000)
  region size 2048K, 25 young (51200K), 0 survivors (0K)
 Metaspace       used 85244K, committed 86080K, reserved 1179648K
  class space    used 10544K, committed 10944K, reserved 1048576K
}
Event: 197.125 GC heap after
{Heap after GC invocations=35 (full 6):
 garbage-first heap   total 96256K, used 32279K [0x0000000702000000, 0x0000000800000000)
  region size 2048K, 3 young (6144K), 3 survivors (6144K)
 Metaspace       used 85244K, committed 86080K, reserved 1179648K
  class space    used 10544K, committed 10944K, reserved 1048576K
}

